<?xml version="1.0" encoding="UTF-8"?>
<!-- Generated by org.testng.reporters.JUnitXMLReporter -->
<testsuite ignored="1" hostname="LAPTOP-U6A6PUS9" failures="1" tests="2" name="Test" time="28.939" errors="0" timestamp="2023-08-04T14:01:33 IST">
  <testcase classname="com.abhi.OrangeHRMTest.ClearTripTest" name="initTest" time="27.158"/>
  <testcase classname="com.abhi.OrangeHRMTest.ClearTripTest" name="SelectCityDropDown" time="1.458">
    <failure type="java.lang.AssertionError" message="expected [Yonaguni Jima, JP - Yonaguni (OGN)] but found [Naur]">
      <![CDATA[java.lang.AssertionError: expected [Yonaguni Jima, JP - Yonaguni (OGN)] but found [Naur]
at com.regrssion.OrangeHRM.Pages.ClearTripPage.SelectFromCity(ClearTripPage.java:68)
at com.abhi.OrangeHRMTest.ClearTripTest.SelectCityDropDown(ClearTripTest.java:44)
at java.base/java.util.ArrayList.forEach(ArrayList.java:1540)
... Removed 33 stack frames]]>
    </failure>
  </testcase> <!-- SelectCityDropDown -->
  <testcase classname="com.abhi.OrangeHRMTest.ClearTripTest" name="career" time="0.0">
    <ignored/>
  </testcase> <!-- career -->
</testsuite> <!-- Test -->
