<?xml version="1.0" encoding="UTF-8"?>
<!-- Generated by org.testng.reporters.JUnitXMLReporter -->
<testsuite ignored="1" hostname="LAPTOP-U6A6PUS9" failures="1" tests="1" name="Test(failed)" time="0.232" errors="0" timestamp="2023-07-20T00:07:57 IST">
  <testcase classname="com.abhi.OrangeHRMTest.ClearTripTest" name="SelectCityDropDown" time="0.141">
    <failure type="java.lang.IllegalArgumentException" message="Input must be set">
      <![CDATA[java.lang.IllegalArgumentException: Input must be set
at org.openqa.selenium.internal.Require.nonNull(Require.java:60)
at org.openqa.selenium.support.ui.FluentWait.<init>(FluentWait.java:94)
at org.openqa.selenium.support.ui.WebDriverWait.<init>(WebDriverWait.java:74)
at org.openqa.selenium.support.ui.WebDriverWait.<init>(WebDriverWait.java:43)
at com.regrssion.OrangeHRM.Generics.GenericsO.WebElementWait(GenericsO.java:55)
at com.regrssion.OrangeHRM.Generics.GenericsO.SendKeysToWebElement(GenericsO.java:45)
at com.regrssion.OrangeHRM.Pages.ClearTripPage.SelectFromCity(ClearTripPage.java:46)
at com.abhi.OrangeHRMTest.ClearTripTest.SelectCityDropDown(ClearTripTest.java:28)
at java.base/java.util.ArrayList.forEach(ArrayList.java:1540)
... Removed 27 stack frames]]>
    </failure>
  </testcase> <!-- SelectCityDropDown -->
  <testcase classname="com.abhi.OrangeHRMTest.ClearTripTest" name="LaunchApp" time="0.0">
    <ignored/>
  </testcase> <!-- LaunchApp -->
</testsuite> <!-- Test(failed) -->
